<?xml version="1.0" encoding="UTF-8"?>
<testng-results ignored="0" total="5" passed="4" failed="1" skipped="0">
  <reporter-output>
  </reporter-output>
  <suite started-at="2022-10-09T19:23:35Z" name="Suite" finished-at="2022-10-09T19:24:27Z" duration-ms="52632">
    <groups>
      <group name="Purchase">
        <method signature="StandAloneTest2.submitOrder(java.util.HashMap)[pri:0, instance:Academy.Tests.StandAloneTest2@14f5da2c]" name="submitOrder" class="Academy.Tests.StandAloneTest2"/>
      </group> <!-- Purchase -->
      <group name="ErrorHandling">
        <method signature="ErrorValidation.WrongLogin()[pri:0, instance:Academy.Tests.ErrorValidation@3e34ace1]" name="WrongLogin" class="Academy.Tests.ErrorValidation"/>
      </group> <!-- ErrorHandling -->
    </groups>
    <test started-at="2022-10-09T19:23:35Z" name="Error Validation" finished-at="2022-10-09T19:24:04Z" duration-ms="29460">
      <class name="Academy.Tests.ErrorValidation">
        <test-method is-config="true" signature="launchApplication()[pri:0, instance:Academy.Tests.ErrorValidation@3e34ace1]" started-at="2022-10-09T19:23:35Z" name="launchApplication" finished-at="2022-10-09T19:23:43Z" duration-ms="8462" status="PASS">
          <reporter-output>
          </reporter-output>
        </test-method> <!-- launchApplication -->
        <test-method signature="ProductErrorValidation()[pri:0, instance:Academy.Tests.ErrorValidation@3e34ace1]" started-at="2022-10-09T19:23:43Z" name="ProductErrorValidation" finished-at="2022-10-09T19:23:58Z" duration-ms="14706" status="PASS">
          <reporter-output>
          </reporter-output>
        </test-method> <!-- ProductErrorValidation -->
        <test-method is-config="true" signature="tearDown()[pri:0, instance:Academy.Tests.ErrorValidation@3e34ace1]" started-at="2022-10-09T19:23:58Z" name="tearDown" finished-at="2022-10-09T19:23:58Z" duration-ms="170" status="PASS">
          <reporter-output>
          </reporter-output>
        </test-method> <!-- tearDown -->
        <test-method is-config="true" signature="launchApplication()[pri:0, instance:Academy.Tests.ErrorValidation@3e34ace1]" started-at="2022-10-09T19:23:58Z" name="launchApplication" finished-at="2022-10-09T19:24:03Z" duration-ms="4812" status="PASS">
          <reporter-output>
          </reporter-output>
        </test-method> <!-- launchApplication -->
        <test-method signature="WrongLogin()[pri:0, instance:Academy.Tests.ErrorValidation@3e34ace1]" started-at="2022-10-09T19:24:03Z" name="WrongLogin" finished-at="2022-10-09T19:24:04Z" duration-ms="625" status="FAIL">
          <exception class="java.lang.AssertionError">
            <message>
              <![CDATA[expected [Incorrect email or password.!!!] but found [Incorrect email or password.]]]>
            </message>
            <full-stacktrace>
              <![CDATA[java.lang.AssertionError: expected [Incorrect email or password.!!!] but found [Incorrect email or password.]
at org.testng.Assert.fail(Assert.java:96)
at org.testng.Assert.failNotEquals(Assert.java:776)
at org.testng.Assert.assertEqualsImpl(Assert.java:137)
at org.testng.Assert.assertEquals(Assert.java:118)
at org.testng.Assert.assertEquals(Assert.java:453)
at org.testng.Assert.assertEquals(Assert.java:463)
at Academy.Tests.ErrorValidation.WrongLogin(ErrorValidation.java:20)
at java.base/jdk.internal.reflect.NativeMethodAccessorImpl.invoke0(Native Method)
at java.base/jdk.internal.reflect.NativeMethodAccessorImpl.invoke(NativeMethodAccessorImpl.java:77)
at java.base/jdk.internal.reflect.DelegatingMethodAccessorImpl.invoke(DelegatingMethodAccessorImpl.java:43)
at java.base/java.lang.reflect.Method.invoke(Method.java:568)
at org.testng.internal.MethodInvocationHelper.invokeMethod(MethodInvocationHelper.java:124)
at org.testng.internal.Invoker.invokeMethod(Invoker.java:583)
at org.testng.internal.Invoker.invokeTestMethod(Invoker.java:719)
at org.testng.internal.Invoker.invokeTestMethods(Invoker.java:989)
at org.testng.internal.TestMethodWorker.invokeTestMethods(TestMethodWorker.java:125)
at org.testng.internal.TestMethodWorker.run(TestMethodWorker.java:109)
at org.testng.TestRunner.privateRun(TestRunner.java:648)
at org.testng.TestRunner.run(TestRunner.java:505)
at org.testng.SuiteRunner.runTest(SuiteRunner.java:455)
at org.testng.SuiteRunner.access$000(SuiteRunner.java:40)
at org.testng.SuiteRunner$SuiteWorker.run(SuiteRunner.java:489)
at org.testng.internal.thread.ThreadUtil$1.call(ThreadUtil.java:52)
at java.base/java.util.concurrent.FutureTask.run(FutureTask.java:264)
at java.base/java.util.concurrent.ThreadPoolExecutor.runWorker(ThreadPoolExecutor.java:1136)
at java.base/java.util.concurrent.ThreadPoolExecutor$Worker.run(ThreadPoolExecutor.java:635)
at java.base/java.lang.Thread.run(Thread.java:833)
]]>
            </full-stacktrace>
          </exception> <!-- java.lang.AssertionError -->
          <reporter-output>
          </reporter-output>
        </test-method> <!-- WrongLogin -->
        <test-method is-config="true" signature="tearDown()[pri:0, instance:Academy.Tests.ErrorValidation@3e34ace1]" started-at="2022-10-09T19:24:04Z" name="tearDown" finished-at="2022-10-09T19:24:04Z" duration-ms="71" status="PASS">
          <reporter-output>
          </reporter-output>
        </test-method> <!-- tearDown -->
      </class> <!-- Academy.Tests.ErrorValidation -->
    </test> <!-- Error Validation -->
    <test started-at="2022-10-09T19:23:35Z" name="Submit Order" finished-at="2022-10-09T19:24:27Z" duration-ms="52632">
      <class name="Academy.Tests.StandAloneTest2">
        <test-method is-config="true" signature="launchApplication()[pri:0, instance:Academy.Tests.StandAloneTest2@14f5da2c]" started-at="2022-10-09T19:23:35Z" name="launchApplication" finished-at="2022-10-09T19:23:43Z" duration-ms="8210" status="PASS">
          <reporter-output>
          </reporter-output>
        </test-method> <!-- launchApplication -->
        <test-method signature="submitOrder(java.util.HashMap)[pri:0, instance:Academy.Tests.StandAloneTest2@14f5da2c]" started-at="2022-10-09T19:23:43Z" name="submitOrder" data-provider="getData" finished-at="2022-10-09T19:24:00Z" duration-ms="16771" status="PASS">
          <params>
            <param index="0">
              <value>
                <![CDATA[{pwd=Abc12345, email=abc123456@gmail.com, productName=ADIDAS ORIGINAL}]]>
              </value>
            </param>
          </params>
          <reporter-output>
          </reporter-output>
        </test-method> <!-- submitOrder -->
        <test-method is-config="true" signature="tearDown()[pri:0, instance:Academy.Tests.StandAloneTest2@14f5da2c]" started-at="2022-10-09T19:24:00Z" name="tearDown" finished-at="2022-10-09T19:24:00Z" duration-ms="71" status="PASS">
          <reporter-output>
          </reporter-output>
        </test-method> <!-- tearDown -->
        <test-method is-config="true" signature="launchApplication()[pri:0, instance:Academy.Tests.StandAloneTest2@14f5da2c]" started-at="2022-10-09T19:24:00Z" name="launchApplication" finished-at="2022-10-09T19:24:05Z" duration-ms="4419" status="PASS">
          <reporter-output>
          </reporter-output>
        </test-method> <!-- launchApplication -->
        <test-method signature="submitOrder(java.util.HashMap)[pri:0, instance:Academy.Tests.StandAloneTest2@14f5da2c]" started-at="2022-10-09T19:24:05Z" name="submitOrder" data-provider="getData" finished-at="2022-10-09T19:24:22Z" duration-ms="17202" status="PASS">
          <params>
            <param index="0">
              <value>
                <![CDATA[{pwd=Abc12345, email=abc1234567@gmail.com, productName=ZARA COAT 3}]]>
              </value>
            </param>
          </params>
          <reporter-output>
          </reporter-output>
        </test-method> <!-- submitOrder -->
        <test-method is-config="true" signature="tearDown()[pri:0, instance:Academy.Tests.StandAloneTest2@14f5da2c]" started-at="2022-10-09T19:24:22Z" name="tearDown" finished-at="2022-10-09T19:24:22Z" duration-ms="115" status="PASS">
          <reporter-output>
          </reporter-output>
        </test-method> <!-- tearDown -->
        <test-method is-config="true" signature="launchApplication()[pri:0, instance:Academy.Tests.StandAloneTest2@14f5da2c]" started-at="2022-10-09T19:24:22Z" name="launchApplication" finished-at="2022-10-09T19:24:26Z" duration-ms="4292" status="PASS">
          <reporter-output>
          </reporter-output>
        </test-method> <!-- launchApplication -->
        <test-method signature="OrderHistoryTest()[pri:0, instance:Academy.Tests.StandAloneTest2@14f5da2c]" started-at="2022-10-09T19:24:26Z" name="OrderHistoryTest" finished-at="2022-10-09T19:24:27Z" depends-on-methods="Academy.Tests.StandAloneTest2.submitOrder" duration-ms="1010" status="PASS">
          <reporter-output>
          </reporter-output>
        </test-method> <!-- OrderHistoryTest -->
        <test-method is-config="true" signature="tearDown()[pri:0, instance:Academy.Tests.StandAloneTest2@14f5da2c]" started-at="2022-10-09T19:24:27Z" name="tearDown" finished-at="2022-10-09T19:24:27Z" duration-ms="111" status="PASS">
          <reporter-output>
          </reporter-output>
        </test-method> <!-- tearDown -->
      </class> <!-- Academy.Tests.StandAloneTest2 -->
    </test> <!-- Submit Order -->
  </suite> <!-- Suite -->
</testng-results>
